Starting migrations...
======================
> Network name:    'mainnet'
> Network id:      1
> Block gas limit: 12499805 (0xbebb5d)


1_initial_migration.js
======================
Deployer account: 0x11799622F4D98A24514011E8527B969f7488eF47
Deployer balance: 9.332779946432144 ETH
Deploying 0 pools...
   -------------------------------------
   > Total cost:                   0 ETH


2_farming_voter.js
==================
Deployer account: 0x11799622F4D98A24514011E8527B969f7488eF47
Deployer balance: 9.332779946432144 ETH
   -------------------------------------
   > Total cost:                   0 ETH


3_opium_farm.js
===============
Deployer account: 0x11799622F4D98A24514011E8527B969f7488eF47
Deployer balance: 9.332779946432144 ETH
Deploying farm for pool (ETH-OPIUM): 0x822E00A929f5A92F3565A16f92581e54af2b90Ea

   Deploying 'FarmingRewards'
   --------------------------
   > transaction hash:    0x67ed2689b90a36a86f1613cbd90d72aa1a031c635845838b9b1e0833a8c54465
   > Blocks: 1            Seconds: 17
   > contract address:    0x18D410f651289BB978Fc32F90D2d7E608F4f4560
   > block number:        11750901
   > block timestamp:     1611924462
   > account:             0x11799622F4D98A24514011E8527B969f7488eF47
   > balance:             8.910199626432142908
   > gas used:            2641127 (0x284ce7)
   > gas price:           160 gwei
   > value sent:          0 ETH
   > total cost:          0.42258032 ETH

   > Saving artifacts
   -------------------------------------
   > Total cost:          0.42258032 ETH


Summary
=======
> Total deployments:   1
> Final cost:          0.42258032 ETH
