Starting migrations...
======================
> Network name:    'mainnet'
> Network id:      1
> Block gas limit: 12491444 (0xbe9ab4)


1_initial_migration.js
======================
Deployer account: 0x11799622F4D98A24514011E8527B969f7488eF47
Deployer balance: 8.898306186432144 ETH
Deploying 0 pools...
   -------------------------------------
   > Total cost:                   0 ETH


2_farming_voter.js
==================
Deployer account: 0x11799622F4D98A24514011E8527B969f7488eF47
Deployer balance: 8.898306186432144 ETH
   -------------------------------------
   > Total cost:                   0 ETH


3_opium_farm.js
===============
Deployer account: 0x11799622F4D98A24514011E8527B969f7488eF47
Deployer balance: 8.898306186432144 ETH
   -------------------------------------
   > Total cost:                   0 ETH


4_ldo_farm.js
=============
Deployer account: 0x11799622F4D98A24514011E8527B969f7488eF47
Deployer balance: 8.898306186432144 ETH
Deploying farm for pool (LDO-STETH): 0x1f629794B34FFb3B29FF206Be5478A52678b47ae

   Replacing 'FarmingRewards'
   --------------------------
   > transaction hash:    0xe29cea5f8df380776774e6b762004d460d52ee32a9b53d0aff263f9e05f0ed84
   > Blocks: 2            Seconds: 20
   > contract address:    0x8Acdb3bcC5101b1Ba8a5070F003a77A2da376fe8
   > block number:        11771178
   > block timestamp:     1612193784
   > account:             0x11799622F4D98A24514011E8527B969f7488eF47
   > balance:             8.475723946432142908
   > gas used:            2641139 (0x284cf3)
   > gas price:           160 gwei
   > value sent:          0 ETH
   > total cost:          0.42258224 ETH

   > Saving artifacts
   -------------------------------------
   > Total cost:          0.42258224 ETH


Summary
=======
> Total deployments:   1
> Final cost:          0.42258224 ETH
